  main.cpp
C:\Users\Kuba\Desktop\Frogger\template-project-2\main.cpp(308,60): warning C4244: "argument": konwersja z "double" do "int", możliwa utrata danych
C:\Users\Kuba\Desktop\Frogger\template-project-2\main.cpp(309,51): warning C4244: "argument": konwersja z "double" do "int", możliwa utrata danych
C:\Users\Kuba\Desktop\Frogger\template-project-2\main.cpp(309,109): warning C4244: "argument": konwersja z "double" do "int", możliwa utrata danych
C:\Users\Kuba\Desktop\Frogger\template-project-2\main.cpp(327,1): warning C4996: 'fscanf': This function or variable may be unsafe. Consider using fscanf_s instead. To disable deprecation, use _CRT_SECURE_NO_WARNINGS. See online help for details.
C:\Program Files (x86)\Windows Kits\10\Include\10.0.18362.0\ucrt\stdio.h(1197): message : zobacz deklarację „fscanf”
C:\Users\Kuba\Desktop\Frogger\template-project-2\main.cpp(328,1): warning C4996: 'fscanf': This function or variable may be unsafe. Consider using fscanf_s instead. To disable deprecation, use _CRT_SECURE_NO_WARNINGS. See online help for details.
C:\Program Files (x86)\Windows Kits\10\Include\10.0.18362.0\ucrt\stdio.h(1197): message : zobacz deklarację „fscanf”
C:\Users\Kuba\Desktop\Frogger\template-project-2\main.cpp(357,1): warning C4996: 'fopen': This function or variable may be unsafe. Consider using fopen_s instead. To disable deprecation, use _CRT_SECURE_NO_WARNINGS. See online help for details.
C:\Program Files (x86)\Windows Kits\10\Include\10.0.18362.0\ucrt\stdio.h(208): message : zobacz deklarację „fopen”
C:\Users\Kuba\Desktop\Frogger\template-project-2\main.cpp(611,12): warning C4244: "argument": konwersja z "time_t" do "unsigned int", możliwa utrata danych
C:\Users\Kuba\Desktop\Frogger\template-project-2\main.cpp(687,49): warning C4244: "argument": konwersja z "double" do "int", możliwa utrata danych
C:\Users\Kuba\Desktop\Frogger\template-project-2\main.cpp(688,29): warning C4244: "argument": konwersja z "double" do "int", możliwa utrata danych
C:\Users\Kuba\Desktop\Frogger\template-project-2\main.cpp(689,51): warning C4244: "argument": konwersja z "double" do "int", możliwa utrata danych
C:\Users\Kuba\Desktop\Frogger\template-project-2\main.cpp(690,31): warning C4244: "argument": konwersja z "double" do "int", możliwa utrata danych
C:\Users\Kuba\Desktop\Frogger\template-project-2\main.cpp(691,51): warning C4244: "argument": konwersja z "double" do "int", możliwa utrata danych
C:\Users\Kuba\Desktop\Frogger\template-project-2\main.cpp(692,31): warning C4244: "argument": konwersja z "double" do "int", możliwa utrata danych
C:\Users\Kuba\Desktop\Frogger\template-project-2\main.cpp(693,51): warning C4244: "argument": konwersja z "double" do "int", możliwa utrata danych
C:\Users\Kuba\Desktop\Frogger\template-project-2\main.cpp(694,31): warning C4244: "argument": konwersja z "double" do "int", możliwa utrata danych
C:\Users\Kuba\Desktop\Frogger\template-project-2\main.cpp(695,51): warning C4244: "argument": konwersja z "double" do "int", możliwa utrata danych
C:\Users\Kuba\Desktop\Frogger\template-project-2\main.cpp(696,31): warning C4244: "argument": konwersja z "double" do "int", możliwa utrata danych
C:\Users\Kuba\Desktop\Frogger\template-project-2\main.cpp(698,26): warning C4244: "argument": konwersja z "double" do "int", możliwa utrata danych
C:\Users\Kuba\Desktop\Frogger\template-project-2\main.cpp(698,58): warning C4244: "argument": konwersja z "double" do "int", możliwa utrata danych
C:\Users\Kuba\Desktop\Frogger\template-project-2\main.cpp(698,89): warning C4244: "argument": konwersja z "double" do "int", możliwa utrata danych
C:\Users\Kuba\Desktop\Frogger\template-project-2\main.cpp(698,121): warning C4244: "argument": konwersja z "double" do "int", możliwa utrata danych
C:\Users\Kuba\Desktop\Frogger\template-project-2\main.cpp(699,54): warning C4244: "argument": konwersja z "double" do "int", możliwa utrata danych
C:\Users\Kuba\Desktop\Frogger\template-project-2\main.cpp(700,33): warning C4244: "argument": konwersja z "double" do "int", możliwa utrata danych
C:\Users\Kuba\Desktop\Frogger\template-project-2\main.cpp(702,31): warning C4244: "argument": konwersja z "double" do "int", możliwa utrata danych
C:\Users\Kuba\Desktop\Frogger\template-project-2\main.cpp(702,62): warning C4244: "argument": konwersja z "double" do "int", możliwa utrata danych
C:\Users\Kuba\Desktop\Frogger\template-project-2\main.cpp(706,49): warning C4244: "argument": konwersja z "double" do "int", możliwa utrata danych
C:\Users\Kuba\Desktop\Frogger\template-project-2\main.cpp(707,33): warning C4244: "argument": konwersja z "double" do "int", możliwa utrata danych
C:\Users\Kuba\Desktop\Frogger\template-project-2\main.cpp(709,50): warning C4244: "argument": konwersja z "double" do "int", możliwa utrata danych
C:\Users\Kuba\Desktop\Frogger\template-project-2\main.cpp(710,34): warning C4244: "argument": konwersja z "double" do "int", możliwa utrata danych
C:\Users\Kuba\Desktop\Frogger\template-project-2\main.cpp(711,50): warning C4244: "argument": konwersja z "double" do "int", możliwa utrata danych
C:\Users\Kuba\Desktop\Frogger\template-project-2\main.cpp(712,34): warning C4244: "argument": konwersja z "double" do "int", możliwa utrata danych
C:\Users\Kuba\Desktop\Frogger\template-project-2\main.cpp(713,28): warning C4244: "argument": konwersja z "double" do "int", możliwa utrata danych
C:\Users\Kuba\Desktop\Frogger\template-project-2\main.cpp(713,66): warning C4244: "argument": konwersja z "double" do "int", możliwa utrata danych
C:\Users\Kuba\Desktop\Frogger\template-project-2\main.cpp(713,104): warning C4244: "argument": konwersja z "double" do "int", możliwa utrata danych
C:\Users\Kuba\Desktop\Frogger\template-project-2\main.cpp(713,142): warning C4244: "argument": konwersja z "double" do "int", możliwa utrata danych
C:\Users\Kuba\Desktop\Frogger\template-project-2\main.cpp(714,56): warning C4244: "argument": konwersja z "double" do "int", możliwa utrata danych
C:\Users\Kuba\Desktop\Frogger\template-project-2\main.cpp(715,35): warning C4244: "argument": konwersja z "double" do "int", możliwa utrata danych
C:\Users\Kuba\Desktop\Frogger\template-project-2\main.cpp(717,33): warning C4244: "argument": konwersja z "double" do "int", możliwa utrata danych
C:\Users\Kuba\Desktop\Frogger\template-project-2\main.cpp(717,70): warning C4244: "argument": konwersja z "double" do "int", możliwa utrata danych
C:\Users\Kuba\Desktop\Frogger\template-project-2\main.cpp(721,51): warning C4244: "argument": konwersja z "double" do "int", możliwa utrata danych
C:\Users\Kuba\Desktop\Frogger\template-project-2\main.cpp(722,35): warning C4244: "argument": konwersja z "double" do "int", możliwa utrata danych
C:\Users\Kuba\Desktop\Frogger\template-project-2\main.cpp(724,50): warning C4244: "argument": konwersja z "double" do "int", możliwa utrata danych
C:\Users\Kuba\Desktop\Frogger\template-project-2\main.cpp(725,34): warning C4244: "argument": konwersja z "double" do "int", możliwa utrata danych
C:\Users\Kuba\Desktop\Frogger\template-project-2\main.cpp(727,49): warning C4244: "argument": konwersja z "double" do "int", możliwa utrata danych
C:\Users\Kuba\Desktop\Frogger\template-project-2\main.cpp(728,29): warning C4244: "argument": konwersja z "double" do "int", możliwa utrata danych
C:\Users\Kuba\Desktop\Frogger\template-project-2\main.cpp(729,51): warning C4244: "argument": konwersja z "double" do "int", możliwa utrata danych
C:\Users\Kuba\Desktop\Frogger\template-project-2\main.cpp(730,31): warning C4244: "argument": konwersja z "double" do "int", możliwa utrata danych
C:\Users\Kuba\Desktop\Frogger\template-project-2\main.cpp(731,51): warning C4244: "argument": konwersja z "double" do "int", możliwa utrata danych
C:\Users\Kuba\Desktop\Frogger\template-project-2\main.cpp(732,31): warning C4244: "argument": konwersja z "double" do "int", możliwa utrata danych
C:\Users\Kuba\Desktop\Frogger\template-project-2\main.cpp(733,51): warning C4244: "argument": konwersja z "double" do "int", możliwa utrata danych
C:\Users\Kuba\Desktop\Frogger\template-project-2\main.cpp(734,31): warning C4244: "argument": konwersja z "double" do "int", możliwa utrata danych
C:\Users\Kuba\Desktop\Frogger\template-project-2\main.cpp(735,51): warning C4244: "argument": konwersja z "double" do "int", możliwa utrata danych
C:\Users\Kuba\Desktop\Frogger\template-project-2\main.cpp(736,31): warning C4244: "argument": konwersja z "double" do "int", możliwa utrata danych
C:\Users\Kuba\Desktop\Frogger\template-project-2\main.cpp(738,49): warning C4244: "argument": konwersja z "double" do "int", możliwa utrata danych
C:\Users\Kuba\Desktop\Frogger\template-project-2\main.cpp(739,29): warning C4244: "argument": konwersja z "double" do "int", możliwa utrata danych
C:\Users\Kuba\Desktop\Frogger\template-project-2\main.cpp(740,51): warning C4244: "argument": konwersja z "double" do "int", możliwa utrata danych
C:\Users\Kuba\Desktop\Frogger\template-project-2\main.cpp(741,31): warning C4244: "argument": konwersja z "double" do "int", możliwa utrata danych
C:\Users\Kuba\Desktop\Frogger\template-project-2\main.cpp(742,51): warning C4244: "argument": konwersja z "double" do "int", możliwa utrata danych
C:\Users\Kuba\Desktop\Frogger\template-project-2\main.cpp(743,31): warning C4244: "argument": konwersja z "double" do "int", możliwa utrata danych
C:\Users\Kuba\Desktop\Frogger\template-project-2\main.cpp(744,51): warning C4244: "argument": konwersja z "double" do "int", możliwa utrata danych
C:\Users\Kuba\Desktop\Frogger\template-project-2\main.cpp(745,31): warning C4244: "argument": konwersja z "double" do "int", możliwa utrata danych
C:\Users\Kuba\Desktop\Frogger\template-project-2\main.cpp(746,51): warning C4244: "argument": konwersja z "double" do "int", możliwa utrata danych
C:\Users\Kuba\Desktop\Frogger\template-project-2\main.cpp(747,31): warning C4244: "argument": konwersja z "double" do "int", możliwa utrata danych
C:\Users\Kuba\Desktop\Frogger\template-project-2\main.cpp(748,51): warning C4244: "argument": konwersja z "double" do "int", możliwa utrata danych
C:\Users\Kuba\Desktop\Frogger\template-project-2\main.cpp(749,31): warning C4244: "argument": konwersja z "double" do "int", możliwa utrata danych
C:\Users\Kuba\Desktop\Frogger\template-project-2\main.cpp(752,26): warning C4244: "argument": konwersja z "double" do "int", możliwa utrata danych
C:\Users\Kuba\Desktop\Frogger\template-project-2\main.cpp(752,58): warning C4244: "argument": konwersja z "double" do "int", możliwa utrata danych
C:\Users\Kuba\Desktop\Frogger\template-project-2\main.cpp(752,90): warning C4244: "argument": konwersja z "double" do "int", możliwa utrata danych
C:\Users\Kuba\Desktop\Frogger\template-project-2\main.cpp(752,122): warning C4244: "argument": konwersja z "double" do "int", możliwa utrata danych
C:\Users\Kuba\Desktop\Frogger\template-project-2\main.cpp(753,54): warning C4244: "argument": konwersja z "double" do "int", możliwa utrata danych
C:\Users\Kuba\Desktop\Frogger\template-project-2\main.cpp(754,33): warning C4244: "argument": konwersja z "double" do "int", możliwa utrata danych
C:\Users\Kuba\Desktop\Frogger\template-project-2\main.cpp(756,31): warning C4244: "argument": konwersja z "double" do "int", możliwa utrata danych
C:\Users\Kuba\Desktop\Frogger\template-project-2\main.cpp(756,62): warning C4244: "argument": konwersja z "double" do "int", możliwa utrata danych
C:\Users\Kuba\Desktop\Frogger\template-project-2\main.cpp(759,49): warning C4244: "argument": konwersja z "double" do "int", możliwa utrata danych
C:\Users\Kuba\Desktop\Frogger\template-project-2\main.cpp(760,33): warning C4244: "argument": konwersja z "double" do "int", możliwa utrata danych
C:\Users\Kuba\Desktop\Frogger\template-project-2\main.cpp(762,50): warning C4244: "argument": konwersja z "double" do "int", możliwa utrata danych
C:\Users\Kuba\Desktop\Frogger\template-project-2\main.cpp(763,34): warning C4244: "argument": konwersja z "double" do "int", możliwa utrata danych
C:\Users\Kuba\Desktop\Frogger\template-project-2\main.cpp(764,50): warning C4244: "argument": konwersja z "double" do "int", możliwa utrata danych
C:\Users\Kuba\Desktop\Frogger\template-project-2\main.cpp(765,34): warning C4244: "argument": konwersja z "double" do "int", możliwa utrata danych
C:\Users\Kuba\Desktop\Frogger\template-project-2\main.cpp(766,28): warning C4244: "argument": konwersja z "double" do "int", możliwa utrata danych
C:\Users\Kuba\Desktop\Frogger\template-project-2\main.cpp(766,66): warning C4244: "argument": konwersja z "double" do "int", możliwa utrata danych
C:\Users\Kuba\Desktop\Frogger\template-project-2\main.cpp(766,104): warning C4244: "argument": konwersja z "double" do "int", możliwa utrata danych
C:\Users\Kuba\Desktop\Frogger\template-project-2\main.cpp(766,142): warning C4244: "argument": konwersja z "double" do "int", możliwa utrata danych
C:\Users\Kuba\Desktop\Frogger\template-project-2\main.cpp(767,56): warning C4244: "argument": konwersja z "double" do "int", możliwa utrata danych
C:\Users\Kuba\Desktop\Frogger\template-project-2\main.cpp(768,35): warning C4244: "argument": konwersja z "double" do "int", możliwa utrata danych
C:\Users\Kuba\Desktop\Frogger\template-project-2\main.cpp(770,33): warning C4244: "argument": konwersja z "double" do "int", możliwa utrata danych
C:\Users\Kuba\Desktop\Frogger\template-project-2\main.cpp(770,70): warning C4244: "argument": konwersja z "double" do "int", możliwa utrata danych
C:\Users\Kuba\Desktop\Frogger\template-project-2\main.cpp(774,51): warning C4244: "argument": konwersja z "double" do "int", możliwa utrata danych
C:\Users\Kuba\Desktop\Frogger\template-project-2\main.cpp(775,35): warning C4244: "argument": konwersja z "double" do "int", możliwa utrata danych
C:\Users\Kuba\Desktop\Frogger\template-project-2\main.cpp(777,50): warning C4244: "argument": konwersja z "double" do "int", możliwa utrata danych
C:\Users\Kuba\Desktop\Frogger\template-project-2\main.cpp(778,34): warning C4244: "argument": konwersja z "double" do "int", możliwa utrata danych
C:\Users\Kuba\Desktop\Frogger\template-project-2\main.cpp(782,51): warning C4244: "argument": konwersja z "double" do "int", możliwa utrata danych
C:\Users\Kuba\Desktop\Frogger\template-project-2\main.cpp(783,30): warning C4244: "argument": konwersja z "double" do "int", możliwa utrata danych
C:\Users\Kuba\Desktop\Frogger\template-project-2\main.cpp(784,53): warning C4244: "argument": konwersja z "double" do "int", możliwa utrata danych
C:\Users\Kuba\Desktop\Frogger\template-project-2\main.cpp(785,32): warning C4244: "argument": konwersja z "double" do "int", możliwa utrata danych
C:\Users\Kuba\Desktop\Frogger\template-project-2\main.cpp(786,53): warning C4244: "argument": konwersja z "double" do "int", możliwa utrata danych
C:\Users\Kuba\Desktop\Frogger\template-project-2\main.cpp(787,32): warning C4244: "argument": konwersja z "double" do "int", możliwa utrata danych
C:\Users\Kuba\Desktop\Frogger\template-project-2\main.cpp(788,53): warning C4244: "argument": konwersja z "double" do "int", możliwa utrata danych
C:\Users\Kuba\Desktop\Frogger\template-project-2\main.cpp(789,32): warning C4244: "argument": konwersja z "double" do "int", możliwa utrata danych
C:\Users\Kuba\Desktop\Frogger\template-project-2\main.cpp(791,55): warning C4244: "argument": konwersja z "double" do "int", możliwa utrata danych
C:\Users\Kuba\Desktop\Frogger\template-project-2\main.cpp(792,32): warning C4244: "argument": konwersja z "double" do "int", możliwa utrata danych
C:\Users\Kuba\Desktop\Frogger\template-project-2\main.cpp(793,55): warning C4244: "argument": konwersja z "double" do "int", możliwa utrata danych
C:\Users\Kuba\Desktop\Frogger\template-project-2\main.cpp(794,32): warning C4244: "argument": konwersja z "double" do "int", możliwa utrata danych
C:\Users\Kuba\Desktop\Frogger\template-project-2\main.cpp(795,55): warning C4244: "argument": konwersja z "double" do "int", możliwa utrata danych
C:\Users\Kuba\Desktop\Frogger\template-project-2\main.cpp(796,32): warning C4244: "argument": konwersja z "double" do "int", możliwa utrata danych
C:\Users\Kuba\Desktop\Frogger\template-project-2\main.cpp(797,55): warning C4244: "argument": konwersja z "double" do "int", możliwa utrata danych
C:\Users\Kuba\Desktop\Frogger\template-project-2\main.cpp(798,32): warning C4244: "argument": konwersja z "double" do "int", możliwa utrata danych
C:\Users\Kuba\Desktop\Frogger\template-project-2\main.cpp(799,55): warning C4244: "argument": konwersja z "double" do "int", możliwa utrata danych
C:\Users\Kuba\Desktop\Frogger\template-project-2\main.cpp(800,32): warning C4244: "argument": konwersja z "double" do "int", możliwa utrata danych
C:\Users\Kuba\Desktop\Frogger\template-project-2\main.cpp(802,54): warning C4244: "argument": konwersja z "double" do "int", możliwa utrata danych
C:\Users\Kuba\Desktop\Frogger\template-project-2\main.cpp(803,32): warning C4244: "argument": konwersja z "double" do "int", możliwa utrata danych
C:\Users\Kuba\Desktop\Frogger\template-project-2\main.cpp(804,54): warning C4244: "argument": konwersja z "double" do "int", możliwa utrata danych
C:\Users\Kuba\Desktop\Frogger\template-project-2\main.cpp(805,32): warning C4244: "argument": konwersja z "double" do "int", możliwa utrata danych
C:\Users\Kuba\Desktop\Frogger\template-project-2\main.cpp(806,54): warning C4244: "argument": konwersja z "double" do "int", możliwa utrata danych
C:\Users\Kuba\Desktop\Frogger\template-project-2\main.cpp(807,32): warning C4244: "argument": konwersja z "double" do "int", możliwa utrata danych
C:\Users\Kuba\Desktop\Frogger\template-project-2\main.cpp(808,54): warning C4244: "argument": konwersja z "double" do "int", możliwa utrata danych
C:\Users\Kuba\Desktop\Frogger\template-project-2\main.cpp(809,32): warning C4244: "argument": konwersja z "double" do "int", możliwa utrata danych
C:\Users\Kuba\Desktop\Frogger\template-project-2\main.cpp(811,52): warning C4244: "argument": konwersja z "double" do "int", możliwa utrata danych
C:\Users\Kuba\Desktop\Frogger\template-project-2\main.cpp(812,30): warning C4244: "argument": konwersja z "double" do "int", możliwa utrata danych
C:\Users\Kuba\Desktop\Frogger\template-project-2\main.cpp(813,54): warning C4244: "argument": konwersja z "double" do "int", możliwa utrata danych
C:\Users\Kuba\Desktop\Frogger\template-project-2\main.cpp(814,32): warning C4244: "argument": konwersja z "double" do "int", możliwa utrata danych
C:\Users\Kuba\Desktop\Frogger\template-project-2\main.cpp(815,54): warning C4244: "argument": konwersja z "double" do "int", możliwa utrata danych
C:\Users\Kuba\Desktop\Frogger\template-project-2\main.cpp(816,32): warning C4244: "argument": konwersja z "double" do "int", możliwa utrata danych
C:\Users\Kuba\Desktop\Frogger\template-project-2\main.cpp(817,54): warning C4244: "argument": konwersja z "double" do "int", możliwa utrata danych
C:\Users\Kuba\Desktop\Frogger\template-project-2\main.cpp(818,32): warning C4244: "argument": konwersja z "double" do "int", możliwa utrata danych
C:\Users\Kuba\Desktop\Frogger\template-project-2\main.cpp(819,54): warning C4244: "argument": konwersja z "double" do "int", możliwa utrata danych
C:\Users\Kuba\Desktop\Frogger\template-project-2\main.cpp(820,32): warning C4244: "argument": konwersja z "double" do "int", możliwa utrata danych
C:\Users\Kuba\Desktop\Frogger\template-project-2\main.cpp(822,51): warning C4244: "argument": konwersja z "double" do "int", możliwa utrata danych
C:\Users\Kuba\Desktop\Frogger\template-project-2\main.cpp(823,30): warning C4244: "argument": konwersja z "double" do "int", możliwa utrata danych
C:\Users\Kuba\Desktop\Frogger\template-project-2\main.cpp(824,53): warning C4244: "argument": konwersja z "double" do "int", możliwa utrata danych
C:\Users\Kuba\Desktop\Frogger\template-project-2\main.cpp(825,32): warning C4244: "argument": konwersja z "double" do "int", możliwa utrata danych
C:\Users\Kuba\Desktop\Frogger\template-project-2\main.cpp(826,53): warning C4244: "argument": konwersja z "double" do "int", możliwa utrata danych
C:\Users\Kuba\Desktop\Frogger\template-project-2\main.cpp(827,32): warning C4244: "argument": konwersja z "double" do "int", możliwa utrata danych
C:\Users\Kuba\Desktop\Frogger\template-project-2\main.cpp(828,53): warning C4244: "argument": konwersja z "double" do "int", możliwa utrata danych
C:\Users\Kuba\Desktop\Frogger\template-project-2\main.cpp(829,32): warning C4244: "argument": konwersja z "double" do "int", możliwa utrata danych
C:\Users\Kuba\Desktop\Frogger\template-project-2\main.cpp(876,39): warning C4244: "argument": konwersja z "double" do "int", możliwa utrata danych
C:\Users\Kuba\Desktop\Frogger\template-project-2\main.cpp(876,28): warning C4244: "argument": konwersja z "double" do "int", możliwa utrata danych
C:\Users\Kuba\Desktop\Frogger\template-project-2\main.cpp(883,64): warning C4244: "argument": konwersja z "double" do "int", możliwa utrata danych
C:\Users\Kuba\Desktop\Frogger\template-project-2\main.cpp(883,30): warning C4244: "argument": konwersja z "double" do "int", możliwa utrata danych
C:\Users\Kuba\Desktop\Frogger\template-project-2\main.cpp(883,19): warning C4244: "argument": konwersja z "double" do "int", możliwa utrata danych
C:\Users\Kuba\Desktop\Frogger\template-project-2\main.cpp(910,47): warning C4244: "argument": konwersja z "double" do "int", możliwa utrata danych
C:\Users\Kuba\Desktop\Frogger\template-project-2\main.cpp(910,30): warning C4244: "argument": konwersja z "double" do "int", możliwa utrata danych
C:\Users\Kuba\Desktop\Frogger\template-project-2\main.cpp(916,47): warning C4244: "argument": konwersja z "double" do "int", możliwa utrata danych
C:\Users\Kuba\Desktop\Frogger\template-project-2\main.cpp(916,30): warning C4244: "argument": konwersja z "double" do "int", możliwa utrata danych
C:\Users\Kuba\Desktop\Frogger\template-project-2\main.cpp(607,2): warning C4996: 'fopen': This function or variable may be unsafe. Consider using fopen_s instead. To disable deprecation, use _CRT_SECURE_NO_WARNINGS. See online help for details.
C:\Program Files (x86)\Windows Kits\10\Include\10.0.18362.0\ucrt\stdio.h(208): message : zobacz deklarację „fopen”
C:\Users\Kuba\Desktop\Frogger\template-project-2\main.cpp(895,2): warning C4996: 'sprintf': This function or variable may be unsafe. Consider using sprintf_s instead. To disable deprecation, use _CRT_SECURE_NO_WARNINGS. See online help for details.
C:\Program Files (x86)\Windows Kits\10\Include\10.0.18362.0\ucrt\stdio.h(1774): message : zobacz deklarację „sprintf”
C:\Users\Kuba\Desktop\Frogger\template-project-2\main.cpp(899,2): warning C4996: 'sprintf': This function or variable may be unsafe. Consider using sprintf_s instead. To disable deprecation, use _CRT_SECURE_NO_WARNINGS. See online help for details.
C:\Program Files (x86)\Windows Kits\10\Include\10.0.18362.0\ucrt\stdio.h(1774): message : zobacz deklarację „sprintf”
C:\Users\Kuba\Desktop\Frogger\template-project-2\main.cpp(904,2): warning C4996: 'sprintf': This function or variable may be unsafe. Consider using sprintf_s instead. To disable deprecation, use _CRT_SECURE_NO_WARNINGS. See online help for details.
C:\Program Files (x86)\Windows Kits\10\Include\10.0.18362.0\ucrt\stdio.h(1774): message : zobacz deklarację „sprintf”
C:\Users\Kuba\Desktop\Frogger\template-project-2\main.cpp(906,2): warning C4996: 'sprintf': This function or variable may be unsafe. Consider using sprintf_s instead. To disable deprecation, use _CRT_SECURE_NO_WARNINGS. See online help for details.
C:\Program Files (x86)\Windows Kits\10\Include\10.0.18362.0\ucrt\stdio.h(1774): message : zobacz deklarację „sprintf”
C:\Users\Kuba\Desktop\Frogger\template-project-2\main.cpp(949,2): warning C4996: 'sprintf': This function or variable may be unsafe. Consider using sprintf_s instead. To disable deprecation, use _CRT_SECURE_NO_WARNINGS. See online help for details.
C:\Program Files (x86)\Windows Kits\10\Include\10.0.18362.0\ucrt\stdio.h(1774): message : zobacz deklarację „sprintf”
C:\Users\Kuba\Desktop\Frogger\template-project-2\main.cpp(963,2): warning C4996: 'sprintf': This function or variable may be unsafe. Consider using sprintf_s instead. To disable deprecation, use _CRT_SECURE_NO_WARNINGS. See online help for details.
C:\Program Files (x86)\Windows Kits\10\Include\10.0.18362.0\ucrt\stdio.h(1774): message : zobacz deklarację „sprintf”
C:\Users\Kuba\Desktop\Frogger\template-project-2\main.cpp(967,2): warning C4996: 'sprintf': This function or variable may be unsafe. Consider using sprintf_s instead. To disable deprecation, use _CRT_SECURE_NO_WARNINGS. See online help for details.
C:\Program Files (x86)\Windows Kits\10\Include\10.0.18362.0\ucrt\stdio.h(1774): message : zobacz deklarację „sprintf”
C:\Users\Kuba\Desktop\Frogger\template-project-2\main.cpp(972,2): warning C4996: 'sprintf': This function or variable may be unsafe. Consider using sprintf_s instead. To disable deprecation, use _CRT_SECURE_NO_WARNINGS. See online help for details.
C:\Program Files (x86)\Windows Kits\10\Include\10.0.18362.0\ucrt\stdio.h(1774): message : zobacz deklarację „sprintf”
C:\Users\Kuba\Desktop\Frogger\template-project-2\main.cpp(974,2): warning C4996: 'sprintf': This function or variable may be unsafe. Consider using sprintf_s instead. To disable deprecation, use _CRT_SECURE_NO_WARNINGS. See online help for details.
C:\Program Files (x86)\Windows Kits\10\Include\10.0.18362.0\ucrt\stdio.h(1774): message : zobacz deklarację „sprintf”
C:\Users\Kuba\Desktop\Frogger\template-project-2\main.cpp(976,2): warning C4996: 'sprintf': This function or variable may be unsafe. Consider using sprintf_s instead. To disable deprecation, use _CRT_SECURE_NO_WARNINGS. See online help for details.
C:\Program Files (x86)\Windows Kits\10\Include\10.0.18362.0\ucrt\stdio.h(1774): message : zobacz deklarację „sprintf”
C:\Users\Kuba\Desktop\Frogger\template-project-2\main.cpp(978,2): warning C4996: 'sprintf': This function or variable may be unsafe. Consider using sprintf_s instead. To disable deprecation, use _CRT_SECURE_NO_WARNINGS. See online help for details.
C:\Program Files (x86)\Windows Kits\10\Include\10.0.18362.0\ucrt\stdio.h(1774): message : zobacz deklarację „sprintf”
C:\Users\Kuba\Desktop\Frogger\template-project-2\main.cpp(980,2): warning C4996: 'sprintf': This function or variable may be unsafe. Consider using sprintf_s instead. To disable deprecation, use _CRT_SECURE_NO_WARNINGS. See online help for details.
C:\Program Files (x86)\Windows Kits\10\Include\10.0.18362.0\ucrt\stdio.h(1774): message : zobacz deklarację „sprintf”
C:\Users\Kuba\Desktop\Frogger\template-project-2\main.cpp(985,2): warning C4996: 'sprintf': This function or variable may be unsafe. Consider using sprintf_s instead. To disable deprecation, use _CRT_SECURE_NO_WARNINGS. See online help for details.
C:\Program Files (x86)\Windows Kits\10\Include\10.0.18362.0\ucrt\stdio.h(1774): message : zobacz deklarację „sprintf”
C:\Users\Kuba\Desktop\Frogger\template-project-2\main.cpp(997,2): warning C4996: 'sprintf': This function or variable may be unsafe. Consider using sprintf_s instead. To disable deprecation, use _CRT_SECURE_NO_WARNINGS. See online help for details.
C:\Program Files (x86)\Windows Kits\10\Include\10.0.18362.0\ucrt\stdio.h(1774): message : zobacz deklarację „sprintf”
C:\Users\Kuba\Desktop\Frogger\template-project-2\main.cpp(391,40): warning C4101: "autoTwo": lokalna zmienna, do której nie istnieje odwołanie
  Trwa generowanie kodu
  2 of 39 functions ( 5.1%) were compiled, the rest were copied from previous compilation.
    0 functions were new in current compilation
    0 functions had inline decision re-evaluated but remain unchanged
  Zakończono generowanie kodu
  szablon2vs19.vcxproj -> C:\Users\Kuba\Desktop\Frogger\template-project-2\Release\szablon2vs19.exe
